<?xml version="1.0" encoding="UTF-8" ?>
<testsuite tests="1" failures="1" name="com.baldrick.texas.holdem.statemachine.TexasHoldemStateMachineTest" time="0.623" errors="0" skipped="0">
  <properties>
[...]
</properties>
  <testcase classname="com.baldrick.texas.holdem.statemachine.TexasHoldemStateMachineTest" name="testChangesToStartStateCorrectly" time="0.41">
    <failure message="expected:&lt;AMAITING_MORE_PLAYERS&gt; but was:&lt;null&gt;" type="org.junit.ComparisonFailure">org.junit.ComparisonFailure: expected:&lt;AMAITING_MORE_PLAYERS&gt; but was:&lt;null&gt;
	at sun.reflect.NativeConstructorAccessorImpl.newInstance0(Native Method)
	at sun.reflect.NativeConstructorAccessorImpl.newInstance(NativeConstructorAccessorImpl.java:62)
	at sun.reflect.DelegatingConstructorAccessorImpl.newInstance(DelegatingConstructorAccessorImpl.java:45)
	at com.baldrick.texas.holdem.statemachine.TexasHoldemStateMachineTest.testChangesToStartStateCorrectly(TexasHoldemStateMachineTest.java:67)
	at sun.reflect.NativeMethodAccessorImpl.invoke0(Native Method)
	at sun.reflect.NativeMethodAccessorImpl.invoke(NativeMethodAccessorImpl.java:62)
	at sun.reflect.DelegatingMethodAccessorImpl.invoke(DelegatingMethodAccessorImpl.java:43)
	at java.lang.reflect.Method.invoke(Method.java:498)
	at org.junit.runners.model.FrameworkMethod$1.runReflectiveCall(FrameworkMethod.java:50)
	at org.junit.internal.runners.model.ReflectiveCallable.run(ReflectiveCallable.java:12)
	at org.junit.runners.model.FrameworkMethod.invokeExplosively(FrameworkMethod.java:47)
	at org.junit.internal.runners.statements.InvokeMethod.evaluate(InvokeMethod.java:17)
	at org.junit.internal.runners.statements.RunBefores.evaluate(RunBefores.java:26)
	at org.junit.internal.runners.statements.RunAfters.evaluate(RunAfters.java:27)
	at org.junit.runners.ParentRunner.runLeaf(ParentRunner.java:325)
	at org.junit.runners.BlockJUnit4ClassRunner.runChild(BlockJUnit4ClassRunner.java:78)
	at org.junit.runners.BlockJUnit4ClassRunner.runChild(BlockJUnit4ClassRunner.java:57)
	at org.junit.runners.ParentRunner$3.run(ParentRunner.java:290)
	at org.junit.runners.ParentRunner$1.schedule(ParentRunner.java:71)
	at org.junit.runners.ParentRunner.runChildren(ParentRunner.java:288)
	at org.junit.runners.ParentRunner.access$000(ParentRunner.java:58)
	at org.junit.runners.ParentRunner$2.evaluate(ParentRunner.java:268)
	at org.junit.runners.ParentRunner.run(ParentRunner.java:363)
	at org.mockito.internal.runners.DefaultInternalRunner$1.run(DefaultInternalRunner.java:78)
	at org.mockito.internal.runners.DefaultInternalRunner.run(DefaultInternalRunner.java:84)
	at org.mockito.internal.runners.StrictRunner.run(StrictRunner.java:39)
	at org.mockito.junit.MockitoJUnitRunner.run(MockitoJUnitRunner.java:161)
	at org.apache.maven.surefire.junit4.JUnit4TestSet.execute(JUnit4TestSet.java:53)
	at org.apache.maven.surefire.junit4.JUnit4Provider.executeTestSet(JUnit4Provider.java:123)
	at org.apache.maven.surefire.junit4.JUnit4Provider.invoke(JUnit4Provider.java:104)
	at sun.reflect.NativeMethodAccessorImpl.invoke0(Native Method)
	at sun.reflect.NativeMethodAccessorImpl.invoke(NativeMethodAccessorImpl.java:62)
	at sun.reflect.DelegatingMethodAccessorImpl.invoke(DelegatingMethodAccessorImpl.java:43)
	at java.lang.reflect.Method.invoke(Method.java:498)
	at org.apache.maven.surefire.util.ReflectionUtils.invokeMethodWithArray(ReflectionUtils.java:164)
	at org.apache.maven.surefire.booter.ProviderFactory$ProviderProxy.invoke(ProviderFactory.java:110)
	at org.apache.maven.surefire.booter.SurefireStarter.invokeProvider(SurefireStarter.java:175)
	at org.apache.maven.surefire.booter.SurefireStarter.runSuitesInProcessWhenForked(SurefireStarter.java:107)
	at org.apache.maven.surefire.booter.ForkedBooter.main(ForkedBooter.java:68)
</failure>
    <system-out>[INFO ] 2017-08-21 10:36:27.408 [main] TexasHoldemStateMachine - Requested start of stae machine
[INFO ] 2017-08-21 10:36:27.423 [pool-1-thread-1] TexasHoldemStateMachine - State changed from currentState=START to newState=DEAL_PLAYER_CARDS
[INFO ] 2017-08-21 10:36:27.424 [pool-1-thread-1] TexasHoldemStateMachine - Notifying of state=DEAL_PLAYER_CARDS with change=com.baldrick.texas.holdem.statemachine.DealtCardsStateChange@4c4e4877
[INFO ] 2017-08-21 10:36:27.424 [pool-1-thread-1] TexasHoldemStateMachine - Notifying of state=DEAL_PLAYER_CARDS with change=com.baldrick.texas.holdem.statemachine.DealtCardsStateChange@5cbcbc3
[INFO ] 2017-08-21 10:36:27.425 [pool-1-thread-1] TexasHoldemStateMachine - State changed from currentState=DEAL_PLAYER_CARDS to newState=AWAIT_PLAYER_ACTION
[INFO ] 2017-08-21 10:36:27.425 [pool-1-thread-1] TexasHoldemStateMachine - Checking to request player action or change game stage
[INFO ] 2017-08-21 10:36:27.425 [pool-1-thread-1] TexasHoldemStateMachine - Getting next player with playerIndex=0
[INFO ] 2017-08-21 10:36:27.425 [pool-1-thread-1] TexasHoldemStateMachine - Getting next player hand
[INFO ] 2017-08-21 10:36:27.425 [pool-1-thread-1] TexasHoldemStateMachine - Notifying player HAS_FOCUS playerId=testId1
[INFO ] 2017-08-21 10:36:27.426 [pool-1-thread-1] TexasHoldemStateMachine - Notifying of state=AWAIT_PLAYER_ACTION with change=com.baldrick.texas.holdem.statemachine.PlayerStateChange@2482ee5d
[INFO ] 2017-08-21 10:36:27.426 [pool-1-thread-1] TexasHoldemStateMachine - Try to starting timer
[INFO ] 2017-08-21 10:36:27.426 [pool-1-thread-1] TexasHoldemStateMachine - Starting player timer currentTime=1503308187426
[INFO ] 2017-08-21 10:36:27.430 [pool-3-thread-1] TexasHoldemStateMachine - Ending player timer currentTime=1503308187430
[INFO ] 2017-08-21 10:36:27.430 [pool-3-thread-1] TexasHoldemStateMachine - State changed from currentState=AWAIT_PLAYER_ACTION to newState=AWAIT_PLAYER_ACTION
[INFO ] 2017-08-21 10:36:27.430 [pool-3-thread-1] TexasHoldemStateMachine - Checking to request player action or change game stage
[INFO ] 2017-08-21 10:36:27.430 [pool-3-thread-1] TexasHoldemStateMachine - Getting next player with playerIndex=1
[INFO ] 2017-08-21 10:36:27.430 [pool-3-thread-1] TexasHoldemStateMachine - Getting next player hand
[INFO ] 2017-08-21 10:36:27.430 [pool-3-thread-1] TexasHoldemStateMachine - Notifying player HAS_FOCUS playerId=testId2
[INFO ] 2017-08-21 10:36:27.430 [pool-3-thread-1] TexasHoldemStateMachine - Notifying of state=AWAIT_PLAYER_ACTION with change=com.baldrick.texas.holdem.statemachine.PlayerStateChange@15dba8d1
[INFO ] 2017-08-21 10:36:27.430 [pool-3-thread-1] TexasHoldemStateMachine - Try to starting timer
[INFO ] 2017-08-21 10:36:27.430 [pool-3-thread-1] TexasHoldemStateMachine - Starting player timer currentTime=1503308187430
[INFO ] 2017-08-21 10:36:27.434 [pool-3-thread-1] TexasHoldemStateMachine - Ending player timer currentTime=1503308187434
[INFO ] 2017-08-21 10:36:27.434 [pool-3-thread-1] TexasHoldemStateMachine - State changed from currentState=AWAIT_PLAYER_ACTION to newState=AWAIT_PLAYER_ACTION
[INFO ] 2017-08-21 10:36:27.434 [pool-3-thread-1] TexasHoldemStateMachine - Checking to request player action or change game stage
[INFO ] 2017-08-21 10:36:27.434 [pool-3-thread-1] TexasHoldemStateMachine - Changing game stage newStage={}
[INFO ] 2017-08-21 10:36:27.434 [pool-3-thread-1] TexasHoldemStateMachine - State changed from currentState=AWAIT_PLAYER_ACTION to newState=DEAL_FLOP
[INFO ] 2017-08-21 10:36:27.434 [pool-3-thread-1] TexasHoldemStateMachine - Notifying of state=DEAL_FLOP with change=com.baldrick.texas.holdem.statemachine.DealtCardsStateChange@1b1c541a
[INFO ] 2017-08-21 10:36:27.434 [pool-3-thread-1] TexasHoldemStateMachine - State changed from currentState=DEAL_FLOP to newState=AWAIT_PLAYER_ACTION
[INFO ] 2017-08-21 10:36:27.434 [pool-3-thread-1] TexasHoldemStateMachine - Checking to request player action or change game stage
[INFO ] 2017-08-21 10:36:27.434 [pool-3-thread-1] TexasHoldemStateMachine - Getting next player with playerIndex=0
[INFO ] 2017-08-21 10:36:27.435 [pool-3-thread-1] TexasHoldemStateMachine - Getting next player hand
[INFO ] 2017-08-21 10:36:27.435 [pool-3-thread-1] TexasHoldemStateMachine - Notifying player HAS_FOCUS playerId=testId1
[INFO ] 2017-08-21 10:36:27.435 [pool-3-thread-1] TexasHoldemStateMachine - Notifying of state=AWAIT_PLAYER_ACTION with change=com.baldrick.texas.holdem.statemachine.PlayerStateChange@1f23c3a1
[INFO ] 2017-08-21 10:36:27.435 [pool-3-thread-1] TexasHoldemStateMachine - Try to starting timer
[INFO ] 2017-08-21 10:36:27.435 [pool-3-thread-1] TexasHoldemStateMachine - Starting player timer currentTime=1503308187435
[INFO ] 2017-08-21 10:36:27.438 [pool-3-thread-1] TexasHoldemStateMachine - Ending player timer currentTime=1503308187438
[INFO ] 2017-08-21 10:36:27.438 [pool-3-thread-1] TexasHoldemStateMachine - State changed from currentState=AWAIT_PLAYER_ACTION to newState=AWAIT_PLAYER_ACTION
[INFO ] 2017-08-21 10:36:27.438 [pool-3-thread-1] TexasHoldemStateMachine - Checking to request player action or change game stage
[INFO ] 2017-08-21 10:36:27.438 [pool-3-thread-1] TexasHoldemStateMachine - Getting next player with playerIndex=1
[INFO ] 2017-08-21 10:36:27.438 [pool-3-thread-1] TexasHoldemStateMachine - Getting next player hand
[INFO ] 2017-08-21 10:36:27.438 [pool-3-thread-1] TexasHoldemStateMachine - Notifying player HAS_FOCUS playerId=testId2
[INFO ] 2017-08-21 10:36:27.438 [pool-3-thread-1] TexasHoldemStateMachine - Notifying of state=AWAIT_PLAYER_ACTION with change=com.baldrick.texas.holdem.statemachine.PlayerStateChange@5a215e21
[INFO ] 2017-08-21 10:36:27.438 [pool-3-thread-1] TexasHoldemStateMachine - Try to starting timer
[INFO ] 2017-08-21 10:36:27.438 [pool-3-thread-1] TexasHoldemStateMachine - Starting player timer currentTime=1503308187438
[INFO ] 2017-08-21 10:36:27.442 [pool-3-thread-1] TexasHoldemStateMachine - Ending player timer currentTime=1503308187442
[INFO ] 2017-08-21 10:36:27.442 [pool-3-thread-1] TexasHoldemStateMachine - State changed from currentState=AWAIT_PLAYER_ACTION to newState=AWAIT_PLAYER_ACTION
[INFO ] 2017-08-21 10:36:27.442 [pool-3-thread-1] TexasHoldemStateMachine - Checking to request player action or change game stage
[INFO ] 2017-08-21 10:36:27.442 [pool-3-thread-1] TexasHoldemStateMachine - Changing game stage newStage={}
[INFO ] 2017-08-21 10:36:27.442 [pool-3-thread-1] TexasHoldemStateMachine - State changed from currentState=AWAIT_PLAYER_ACTION to newState=DEAL_RIVER
[INFO ] 2017-08-21 10:36:27.442 [pool-3-thread-1] TexasHoldemStateMachine - Notifying of state=DEAL_RIVER with change=com.baldrick.texas.holdem.statemachine.DealtCardsStateChange@1274f894
[INFO ] 2017-08-21 10:36:27.442 [pool-3-thread-1] TexasHoldemStateMachine - State changed from currentState=DEAL_RIVER to newState=AWAIT_PLAYER_ACTION
[INFO ] 2017-08-21 10:36:27.442 [pool-3-thread-1] TexasHoldemStateMachine - Checking to request player action or change game stage
[INFO ] 2017-08-21 10:36:27.442 [pool-3-thread-1] TexasHoldemStateMachine - Getting next player with playerIndex=0
[INFO ] 2017-08-21 10:36:27.443 [pool-3-thread-1] TexasHoldemStateMachine - Getting next player hand
[INFO ] 2017-08-21 10:36:27.443 [pool-3-thread-1] TexasHoldemStateMachine - Notifying player HAS_FOCUS playerId=testId1
[INFO ] 2017-08-21 10:36:27.443 [pool-3-thread-1] TexasHoldemStateMachine - Notifying of state=AWAIT_PLAYER_ACTION with change=com.baldrick.texas.holdem.statemachine.PlayerStateChange@6bb1c244
[INFO ] 2017-08-21 10:36:27.443 [pool-3-thread-1] TexasHoldemStateMachine - Try to starting timer
[INFO ] 2017-08-21 10:36:27.443 [pool-3-thread-1] TexasHoldemStateMachine - Starting player timer currentTime=1503308187443
[INFO ] 2017-08-21 10:36:27.446 [pool-3-thread-1] TexasHoldemStateMachine - Ending player timer currentTime=1503308187446
[INFO ] 2017-08-21 10:36:27.446 [pool-3-thread-1] TexasHoldemStateMachine - State changed from currentState=AWAIT_PLAYER_ACTION to newState=AWAIT_PLAYER_ACTION
[INFO ] 2017-08-21 10:36:27.446 [pool-3-thread-1] TexasHoldemStateMachine - Checking to request player action or change game stage
[INFO ] 2017-08-21 10:36:27.446 [pool-3-thread-1] TexasHoldemStateMachine - Getting next player with playerIndex=1
[INFO ] 2017-08-21 10:36:27.446 [pool-3-thread-1] TexasHoldemStateMachine - Getting next player hand
[INFO ] 2017-08-21 10:36:27.446 [pool-3-thread-1] TexasHoldemStateMachine - Notifying player HAS_FOCUS playerId=testId2
[INFO ] 2017-08-21 10:36:27.446 [pool-3-thread-1] TexasHoldemStateMachine - Notifying of state=AWAIT_PLAYER_ACTION with change=com.baldrick.texas.holdem.statemachine.PlayerStateChange@6a0e3a58
[INFO ] 2017-08-21 10:36:27.446 [pool-3-thread-1] TexasHoldemStateMachine - Try to starting timer
[INFO ] 2017-08-21 10:36:27.446 [pool-3-thread-1] TexasHoldemStateMachine - Starting player timer currentTime=1503308187446
[INFO ] 2017-08-21 10:36:27.450 [pool-3-thread-1] TexasHoldemStateMachine - Ending player timer currentTime=1503308187450
[INFO ] 2017-08-21 10:36:27.450 [pool-3-thread-1] TexasHoldemStateMachine - State changed from currentState=AWAIT_PLAYER_ACTION to newState=AWAIT_PLAYER_ACTION
[INFO ] 2017-08-21 10:36:27.450 [pool-3-thread-1] TexasHoldemStateMachine - Checking to request player action or change game stage
[INFO ] 2017-08-21 10:36:27.450 [pool-3-thread-1] TexasHoldemStateMachine - Changing game stage newStage={}
[INFO ] 2017-08-21 10:36:27.450 [pool-3-thread-1] TexasHoldemStateMachine - State changed from currentState=AWAIT_PLAYER_ACTION to newState=DEAL_TURN
[INFO ] 2017-08-21 10:36:27.450 [pool-3-thread-1] TexasHoldemStateMachine - Notifying of state=DEAL_TURN with change=com.baldrick.texas.holdem.statemachine.DealtCardsStateChange@3a0ea16e
[INFO ] 2017-08-21 10:36:27.450 [pool-3-thread-1] TexasHoldemStateMachine - State changed from currentState=DEAL_TURN to newState=AWAIT_PLAYER_ACTION
[INFO ] 2017-08-21 10:36:27.450 [pool-3-thread-1] TexasHoldemStateMachine - Checking to request player action or change game stage
[INFO ] 2017-08-21 10:36:27.450 [pool-3-thread-1] TexasHoldemStateMachine - Getting next player with playerIndex=0
[INFO ] 2017-08-21 10:36:27.450 [pool-3-thread-1] TexasHoldemStateMachine - Getting next player hand
[INFO ] 2017-08-21 10:36:27.451 [pool-3-thread-1] TexasHoldemStateMachine - Notifying player HAS_FOCUS playerId=testId1
[INFO ] 2017-08-21 10:36:27.451 [pool-3-thread-1] TexasHoldemStateMachine - Notifying of state=AWAIT_PLAYER_ACTION with change=com.baldrick.texas.holdem.statemachine.PlayerStateChange@f0b4ee3
[INFO ] 2017-08-21 10:36:27.451 [pool-3-thread-1] TexasHoldemStateMachine - Try to starting timer
[INFO ] 2017-08-21 10:36:27.451 [pool-3-thread-1] TexasHoldemStateMachine - Starting player timer currentTime=1503308187451
[INFO ] 2017-08-21 10:36:27.454 [pool-3-thread-1] TexasHoldemStateMachine - Ending player timer currentTime=1503308187454
[INFO ] 2017-08-21 10:36:27.454 [pool-3-thread-1] TexasHoldemStateMachine - State changed from currentState=AWAIT_PLAYER_ACTION to newState=AWAIT_PLAYER_ACTION
[INFO ] 2017-08-21 10:36:27.454 [pool-3-thread-1] TexasHoldemStateMachine - Checking to request player action or change game stage
[INFO ] 2017-08-21 10:36:27.454 [pool-3-thread-1] TexasHoldemStateMachine - Getting next player with playerIndex=1
[INFO ] 2017-08-21 10:36:27.454 [pool-3-thread-1] TexasHoldemStateMachine - Getting next player hand
[INFO ] 2017-08-21 10:36:27.454 [pool-3-thread-1] TexasHoldemStateMachine - Notifying player HAS_FOCUS playerId=testId2
[INFO ] 2017-08-21 10:36:27.454 [pool-3-thread-1] TexasHoldemStateMachine - Notifying of state=AWAIT_PLAYER_ACTION with change=com.baldrick.texas.holdem.statemachine.PlayerStateChange@6a4d1ea4
[INFO ] 2017-08-21 10:36:27.454 [pool-3-thread-1] TexasHoldemStateMachine - Try to starting timer
[INFO ] 2017-08-21 10:36:27.454 [pool-3-thread-1] TexasHoldemStateMachine - Starting player timer currentTime=1503308187454
[INFO ] 2017-08-21 10:36:27.457 [pool-3-thread-1] TexasHoldemStateMachine - Ending player timer currentTime=1503308187457
[INFO ] 2017-08-21 10:36:27.457 [pool-3-thread-1] TexasHoldemStateMachine - State changed from currentState=AWAIT_PLAYER_ACTION to newState=AWAIT_PLAYER_ACTION
[INFO ] 2017-08-21 10:36:27.457 [pool-3-thread-1] TexasHoldemStateMachine - Checking to request player action or change game stage
[INFO ] 2017-08-21 10:36:27.457 [pool-3-thread-1] TexasHoldemStateMachine - Changing game stage newStage={}
</system-out>
  </testcase>
</testsuite>